<?xml version="1.0" encoding="UTF-8"?>
<!-- Generated by org.testng.reporters.JUnitReportReporter -->
<testsuite hostname="DESKTOP-2QOES4O" name="testSection.SortProducts" tests="3" failures="0" timestamp="31 May 2021 18:26:35 GMT" time="7.914" errors="0">
  <testcase name="sortProductsLowToHigh" time="2.835" classname="testSection.SortProducts"/>
  <testcase name="sortProductsLowToHigh" time="2.545" classname="testSection.SortProducts"/>
  <testcase name="sortProductsLowToHigh" time="2.534" classname="testSection.SortProducts"/>
</testsuite> <!-- testSection.SortProducts -->
