<?xml version="1.0" encoding="UTF-8"?>
<!-- Generated by org.testng.reporters.JUnitReportReporter -->
<testsuite hostname="DESKTOP-2QOES4O" name="testSection.LogInValidUser" tests="3" failures="0" timestamp="31 May 2021 18:26:35 GMT" time="6.012" errors="0">
  <testcase name="logInValidUser" time="0.351" classname="testSection.LogInValidUser"/>
  <testcase name="logInValidUser" time="0.415" classname="testSection.LogInValidUser"/>
  <testcase name="logInValidUser" time="5.246" classname="testSection.LogInValidUser"/>
</testsuite> <!-- testSection.LogInValidUser -->
