<?xml version="1.0" encoding="UTF-8"?>
<!-- Generated by org.testng.reporters.JUnitReportReporter -->
<testsuite hostname="DESKTOP-2QOES4O" name="testSection.LogInValidUser" tests="3" failures="0" timestamp="31 May 2021 21:42:52 GMT" time="6.063" errors="0">
  <testcase name="logInValidUser" time="0.374" classname="testSection.LogInValidUser"/>
  <testcase name="logInValidUser" time="0.413" classname="testSection.LogInValidUser"/>
  <testcase name="logInValidUser" time="5.276" classname="testSection.LogInValidUser"/>
</testsuite> <!-- testSection.LogInValidUser -->
