<?xml version="1.0" encoding="UTF-8"?>
<!-- Generated by org.testng.reporters.JUnitReportReporter -->
<testsuite hostname="DESKTOP-2QOES4O" name="testSection.LogOutHomePage" tests="3" failures="0" timestamp="31 May 2021 21:42:52 GMT" time="22.614" errors="0">
  <testcase name="logOutHomePage" time="17.342" classname="testSection.LogOutHomePage"/>
  <testcase name="logOutHomePage" time="2.798" classname="testSection.LogOutHomePage"/>
  <testcase name="logOutHomePage" time="2.474" classname="testSection.LogOutHomePage"/>
</testsuite> <!-- testSection.LogOutHomePage -->
