<?xml version="1.0" encoding="UTF-8"?>
<!-- Generated by org.testng.reporters.JUnitReportReporter -->
<testsuite hostname="DESKTOP-2QOES4O" name="testSection.LogInInvalidUser" tests="3" failures="0" timestamp="31 May 2021 18:26:35 GMT" time="5.701" errors="0">
  <testcase name="logInInvalidValidUser" time="0.218" classname="testSection.LogInInvalidUser"/>
  <testcase name="logInInvalidValidUser" time="0.312" classname="testSection.LogInInvalidUser"/>
  <testcase name="logInInvalidValidUser" time="5.171" classname="testSection.LogInInvalidUser"/>
</testsuite> <!-- testSection.LogInInvalidUser -->
