<?xml version="1.0" encoding="UTF-8"?>
<!-- Generated by org.testng.reporters.JUnitReportReporter -->
<testsuite hostname="DESKTOP-2QOES4O" name="testSection.LogInInvalidUser" tests="3" failures="0" timestamp="31 May 2021 21:42:52 GMT" time="5.784" errors="0">
  <testcase name="logInInvalidValidUser" time="0.221" classname="testSection.LogInInvalidUser"/>
  <testcase name="logInInvalidValidUser" time="0.325" classname="testSection.LogInInvalidUser"/>
  <testcase name="logInInvalidValidUser" time="5.238" classname="testSection.LogInInvalidUser"/>
</testsuite> <!-- testSection.LogInInvalidUser -->
