<?xml version="1.0" encoding="UTF-8"?>
<!-- Generated by org.testng.reporters.JUnitReportReporter -->
<testsuite hostname="DESKTOP-2QOES4O" name="testSection.SortProducts" tests="3" failures="0" timestamp="1 Jun 2021 02:14:43 GMT" time="8.205" errors="0">
  <testcase name="sortProductsLowToHigh" time="2.729" classname="testSection.SortProducts"/>
  <testcase name="sortProductsLowToHigh" time="2.612" classname="testSection.SortProducts"/>
  <testcase name="sortProductsLowToHigh" time="2.864" classname="testSection.SortProducts"/>
</testsuite> <!-- testSection.SortProducts -->
