<?xml version="1.0" encoding="UTF-8"?>
<!-- Generated by org.testng.reporters.JUnitReportReporter -->
<testsuite hostname="DESKTOP-2QOES4O" name="testSection.LogOutHomePage" tests="3" failures="0" timestamp="31 May 2021 18:26:35 GMT" time="22.594" errors="0">
  <testcase name="logOutHomePage" time="17.350" classname="testSection.LogOutHomePage"/>
  <testcase name="logOutHomePage" time="2.777" classname="testSection.LogOutHomePage"/>
  <testcase name="logOutHomePage" time="2.467" classname="testSection.LogOutHomePage"/>
</testsuite> <!-- testSection.LogOutHomePage -->
